 rotation parameters:     -30.229 -38.440 -39.024
 scaling parameters:     -0.024 0.138 0.064
 translation parameters:  1.027 2.059 2.227
   fit=       66.2025



  rotated solution WITHOUT dimension scaling

    3.630   6.262  -0.468
    5.281   5.559  -0.152
    3.867   1.339   0.806
    3.575   8.164  -5.119
    3.897   8.945  -1.030
    0.965   5.349  -1.661
    3.759   7.255   0.801
    3.091   4.960  -2.430
    3.226   0.747   1.930
    3.501  -6.073   6.990
    2.986  -3.035   2.817
    2.097  -0.815   3.031
    1.662  -5.581   7.123
    4.328  -3.953   5.744
   -1.025  -7.545   4.188
    3.037  -5.214   7.422
    2.483  -5.735   5.111
   -0.995  -2.945   1.262
   -8.913  -4.994  -5.501
   -3.407  -1.152  -3.971
   -4.917  -4.735   0.148
   -7.623  -3.458  -6.081
   -7.131  -4.462  -5.455
   -1.116  -1.217   2.813
   -9.974  -3.953  -4.156
   -4.651  -4.974  -1.242
   -0.357  -2.598   0.081
    3.884   9.956  -3.261
    3.096  -6.145   7.789
   -9.994  -4.103  -7.239
    5.112   9.705  -2.435
    4.444  10.032  -3.702
    5.184  10.549  -3.601
    0.739  -5.751   7.347
    3.968  -1.262   3.765
    3.048  -6.996   6.750
   -8.029  -4.621  -5.348
  -10.215  -5.528  -5.075
   -9.404  -3.540  -5.463
    0.490   1.802   0.505
    4.775   6.622  -0.217
    3.679  11.545  -3.560
    4.636   6.828  -2.144
    1.868   5.165  -1.864
    4.065   6.847  -3.701
    2.530  -4.212   5.867
    2.035  -3.792   7.964
    2.705  -3.634   7.015
    1.684  -2.443   3.900
    1.892  -5.515   6.060
    2.071  -5.056   7.910
   -7.562  -0.384  -6.530
   -5.706  -1.735  -5.871
   -3.876  -2.875  -1.551
   -5.794  -1.522  -1.531
   -8.441   1.767  -7.934
   -5.366  -3.533  -6.188
    2.313   1.429   3.196
    3.234   5.995  -1.621
    2.509   5.849   0.881
    4.280   5.278  -0.538
   -0.063   3.865  -1.116
    5.656   7.935  -1.444
    2.311   5.361  -3.113
    2.500   1.608  -1.656
    2.883  -2.069   4.299
    1.119  -2.218   6.519
    3.960  -3.873   4.443
    1.559   0.274   4.269
   -1.974  -3.481   2.135
    1.228  -2.786   5.262
    2.798  -3.022   4.122
    3.410   0.329   4.311
    4.645  -3.154   6.164
   -0.439  -1.333   2.879
   -3.388  -0.328  -5.726
   -3.443   1.878  -4.016
   -1.982   2.601  -2.995
   -3.241  -3.439  -2.444
   -6.247  -0.219  -3.806
   -6.655  -0.247  -5.562
   -2.343   1.186  -4.496
    0.586  -0.445  -0.532
   -6.045  -2.756  -3.147
   -1.283   1.557  -4.289
    2.330   3.544  -3.522
    0.977  -3.619   0.898



 rotated solution WITH dimension scaling 

    1.114   2.920   2.197
    1.154   2.823   2.217
    1.120   2.243   2.278
    1.113   3.181   1.899
    1.121   3.289   2.161
    1.050   2.794   2.120
    1.117   3.056   2.278
    1.101   2.741   2.071
    1.105   2.162   2.350
    1.111   1.224   2.674
    1.099   1.641   2.407
    1.077   1.947   2.421
    1.067   1.291   2.683
    1.131   1.515   2.595
    1.003   1.021   2.495
    1.100   1.342   2.702
    1.087   1.270   2.554
    1.003   1.654   2.307
    0.813   1.372   1.874
    0.945   1.900   1.972
    0.909   1.408   2.236
    0.844   1.583   1.837
    0.856   1.445   1.877
    1.000   1.891   2.407
    0.788   1.515   1.960
    0.916   1.375   2.147
    1.019   1.702   2.232
    1.120   3.428   2.018
    1.101   1.214   2.726
    0.787   1.495   1.763
    1.150   3.393   2.071
    1.134   3.438   1.989
    1.152   3.509   1.996
    1.045   1.268   2.697
    1.122   1.885   2.468
    1.100   1.097   2.659
    0.834   1.423   1.884
    0.782   1.299   1.901
    0.801   1.572   1.877
    1.039   2.307   2.259
    1.142   2.969   2.213
    1.115   3.646   1.998
    1.138   2.998   2.089
    1.072   2.769   2.107
    1.125   3.000   1.989
    1.088   1.480   2.602
    1.076   1.537   2.737
    1.092   1.559   2.676
    1.068   1.723   2.476
    1.073   1.300   2.615
    1.077   1.364   2.733
    0.846   2.006   1.808
    0.890   1.820   1.850
    0.934   1.663   2.127
    0.888   1.850   2.128
    0.825   2.302   1.718
    0.898   1.573   1.830
    1.083   2.255   2.431
    1.105   2.883   2.123
    1.087   2.863   2.283
    1.130   2.785   2.192
    1.026   2.590   2.155
    1.163   3.150   2.134
    1.083   2.796   2.027
    1.087   2.280   2.120
    1.096   1.774   2.502
    1.054   1.754   2.644
    1.122   1.526   2.511
    1.065   2.097   2.500
    0.980   1.580   2.363
    1.057   1.676   2.564
    1.094   1.643   2.491
    1.109   2.104   2.503
    1.139   1.625   2.621
    1.017   1.876   2.411
    0.946   2.014   1.860
    0.944   2.317   1.969
    0.980   2.416   2.035
    0.949   1.586   2.070
    0.877   2.029   1.983
    0.867   2.025   1.870
    0.971   2.222   1.939
    1.041   1.998   2.192
    0.882   1.680   2.025
    0.996   2.273   1.952
    1.083   2.546   2.001
    1.051   1.561   2.284


correlations of MDS with normative dimensions 


  0.503  0.689  0.504
